<?xml version="1.0" encoding="UTF-8"?>
<!-- Generated by org.testng.reporters.JUnitReportReporter -->
<testsuite hostname="DESKTOP-PR9H2AM" failures="0" tests="5" name="com.qa.opencart.tests.HomePageTest" time="1.548" errors="0" timestamp="11 Jul 2024 08:22:11 GMT" skipped="0">
  <testcase classname="com.qa.opencart.tests.HomePageTest" name="homePageTitleTest" time="0.017"/>
  <testcase classname="com.qa.opencart.tests.HomePageTest" name="searchTest" time="0.639"/>
  <testcase classname="com.qa.opencart.tests.HomePageTest" name="searchTest" time="0.485"/>
  <testcase classname="com.qa.opencart.tests.HomePageTest" name="homePageURLTest" time="0.002"/>
  <testcase classname="com.qa.opencart.tests.HomePageTest" name="searchTest" time="0.405"/>
</testsuite> <!-- com.qa.opencart.tests.HomePageTest -->
