<?xml version="1.0" encoding="UTF-8"?>
<!-- Generated by org.testng.reporters.JUnitReportReporter -->
<testsuite hostname="DESKTOP-PR9H2AM" failures="0" tests="5" name="com.qa.opencart.tests.HomePageTest" time="2.225" errors="0" timestamp="18 May 2024 09:02:46 GMT" skipped="0">
  <testcase classname="com.qa.opencart.tests.HomePageTest" name="searchTest" time="0.711"/>
  <testcase classname="com.qa.opencart.tests.HomePageTest" name="searchTest" time="0.543"/>
  <testcase classname="com.qa.opencart.tests.HomePageTest" name="homePageURLTest" time="0.003"/>
  <testcase classname="com.qa.opencart.tests.HomePageTest" name="homePageTitleTest" time="0.046"/>
  <testcase classname="com.qa.opencart.tests.HomePageTest" name="searchTest" time="0.922"/>
</testsuite> <!-- com.qa.opencart.tests.HomePageTest -->
