<?xml version="1.0" encoding="UTF-8"?>
<!-- Generated by org.testng.reporters.JUnitReportReporter -->
<testsuite hostname="DESKTOP-PR9H2AM" failures="0" tests="3" name="com.qa.opencart.tests.LoginPageTest" time="1.166" errors="0" timestamp="11 Jul 2024 08:22:11 GMT" skipped="0">
  <testcase classname="com.qa.opencart.tests.LoginPageTest" name="loginPageNavigationTest" time="0.646"/>
  <testcase classname="com.qa.opencart.tests.LoginPageTest" name="forgotPwdLinkExistTest" time="0.034"/>
  <testcase classname="com.qa.opencart.tests.LoginPageTest" name="appLoginTest" time="0.486"/>
</testsuite> <!-- com.qa.opencart.tests.LoginPageTest -->
