<?xml version="1.0" encoding="UTF-8"?>
<!-- Generated by org.testng.reporters.JUnitReportReporter -->
<testsuite hostname="DESKTOP-PR9H2AM" failures="0" tests="1" name="com.qa.traveloka.tests.LoginRegression" time="0.697" errors="0" timestamp="19 May 2024 08:25:43 GMT" skipped="0">
  <testcase classname="com.qa.traveloka.tests.LoginRegression" name="doLogin" time="0.697"/>
</testsuite> <!-- com.qa.traveloka.tests.LoginRegression -->
