<?xml version="1.0" encoding="UTF-8"?>
<!-- Generated by org.testng.reporters.JUnitReportReporter -->
<testsuite hostname="DESKTOP-PR9H2AM" failures="0" tests="5" name="com.qa.opencart.tests.HomePageTest" time="1.481" errors="0" timestamp="11 Jul 2024 07:26:27 GMT" skipped="0">
  <testcase classname="com.qa.opencart.tests.HomePageTest" name="searchTest" time="0.607"/>
  <testcase classname="com.qa.opencart.tests.HomePageTest" name="homePageTitleTest" time="0.037"/>
  <testcase classname="com.qa.opencart.tests.HomePageTest" name="homePageURLTest" time="0.002"/>
  <testcase classname="com.qa.opencart.tests.HomePageTest" name="searchTest" time="0.427"/>
  <testcase classname="com.qa.opencart.tests.HomePageTest" name="searchTest" time="0.408"/>
</testsuite> <!-- com.qa.opencart.tests.HomePageTest -->
