<?xml version="1.0" encoding="UTF-8"?>
<!-- Generated by org.testng.reporters.JUnitReportReporter -->
<testsuite hostname="DESKTOP-PR9H2AM" failures="0" tests="5" name="com.qa.opencart.tests.HomePageTest" time="1.221" errors="0" timestamp="18 May 2024 10:55:34 GMT" skipped="0">
  <testcase classname="com.qa.opencart.tests.HomePageTest" name="searchTest" time="0.335"/>
  <testcase classname="com.qa.opencart.tests.HomePageTest" name="searchTest" time="0.293"/>
  <testcase classname="com.qa.opencart.tests.HomePageTest" name="homePageURLTest" time="0.001"/>
  <testcase classname="com.qa.opencart.tests.HomePageTest" name="homePageTitleTest" time="0.033"/>
  <testcase classname="com.qa.opencart.tests.HomePageTest" name="searchTest" time="0.559"/>
</testsuite> <!-- com.qa.opencart.tests.HomePageTest -->
